{"C:\\Users\\Arushi\\Desktop\\Devops\\Learning-zone\\web\\src\\utils.js": {"path":"C:\\Users\\Arushi\\Desktop\\Devops\\Learning-zone\\web\\src\\utils.js","statementMap":{"0":{"start":{"line":1,"column":14},"end":{"line":1,"column":32}},"1":{"start":{"line":2,"column":11},"end":{"line":2,"column":26}},"2":{"start":{"line":3,"column":15},"end":{"line":3,"column":47}},"3":{"start":{"line":7,"column":10},"end":{"line":7,"column":19}},"4":{"start":{"line":9,"column":19},"end":{"line":9,"column":41}},"5":{"start":{"line":11,"column":0},"end":{"line":11,"column":52}},"6":{"start":{"line":13,"column":0},"end":{"line":13,"column":33}},"7":{"start":{"line":14,"column":0},"end":{"line":14,"column":30}},"8":{"start":{"line":17,"column":0},"end":{"line":19,"column":2}},"9":{"start":{"line":18,"column":4},"end":{"line":18,"column":24}},"10":{"start":{"line":21,"column":0},"end":{"line":47,"column":2}},"11":{"start":{"line":26,"column":4},"end":{"line":42,"column":5}},"12":{"start":{"line":27,"column":8},"end":{"line":29,"column":11}},"13":{"start":{"line":31,"column":9},"end":{"line":42,"column":5}},"14":{"start":{"line":32,"column":8},"end":{"line":34,"column":11}},"15":{"start":{"line":39,"column":8},"end":{"line":41,"column":11}},"16":{"start":{"line":49,"column":0},"end":{"line":51,"column":2}},"17":{"start":{"line":50,"column":4},"end":{"line":50,"column":25}},"18":{"start":{"line":55,"column":13},"end":{"line":55,"column":38}},"19":{"start":{"line":58,"column":0},"end":{"line":58,"column":15}},"20":{"start":{"line":60,"column":0},"end":{"line":60,"column":20}}},"fnMap":{"0":{"name":"(anonymous_0)","decl":{"start":{"line":17,"column":12},"end":{"line":17,"column":13}},"loc":{"start":{"line":17,"column":23},"end":{"line":19,"column":1}},"line":17},"1":{"name":"(anonymous_1)","decl":{"start":{"line":21,"column":17},"end":{"line":21,"column":18}},"loc":{"start":{"line":21,"column":28},"end":{"line":47,"column":1}},"line":21},"2":{"name":"(anonymous_2)","decl":{"start":{"line":49,"column":18},"end":{"line":49,"column":19}},"loc":{"start":{"line":49,"column":29},"end":{"line":51,"column":1}},"line":49}},"branchMap":{"0":{"loc":{"start":{"line":26,"column":4},"end":{"line":42,"column":5}},"type":"if","locations":[{"start":{"line":26,"column":4},"end":{"line":42,"column":5}},{"start":{"line":26,"column":4},"end":{"line":42,"column":5}}],"line":26},"1":{"loc":{"start":{"line":31,"column":9},"end":{"line":42,"column":5}},"type":"if","locations":[{"start":{"line":31,"column":9},"end":{"line":42,"column":5}},{"start":{"line":31,"column":9},"end":{"line":42,"column":5}}],"line":31}},"s":{"0":1,"1":1,"2":1,"3":1,"4":1,"5":1,"6":1,"7":1,"8":1,"9":0,"10":1,"11":0,"12":0,"13":0,"14":0,"15":0,"16":1,"17":0,"18":1,"19":1,"20":1},"f":{"0":0,"1":0,"2":0},"b":{"0":[0,0],"1":[0,0]},"_coverageSchema":"1a1c01bbd47fc00a2c39e90264f33305004495a9","hash":"46dbc6a2d2a86193bf7030c181674406d9d0f7cb"}
,"C:\\Users\\Arushi\\Desktop\\Devops\\Learning-zone\\web\\src\\config\\db-config.js": {"path":"C:\\Users\\Arushi\\Desktop\\Devops\\Learning-zone\\web\\src\\config\\db-config.js","statementMap":{"0":{"start":{"line":1,"column":0},"end":{"line":15,"column":2}}},"fnMap":{},"branchMap":{},"s":{"0":1},"f":{},"b":{},"_coverageSchema":"1a1c01bbd47fc00a2c39e90264f33305004495a9","hash":"76ccfff7455530a9b2edcf48ee8bce884371fe4e"}
,"C:\\Users\\Arushi\\Desktop\\Devops\\Learning-zone\\web\\src\\db\\database.js": {"path":"C:\\Users\\Arushi\\Desktop\\Devops\\Learning-zone\\web\\src\\db\\database.js","statementMap":{"0":{"start":{"line":1,"column":14},"end":{"line":1,"column":30}},"1":{"start":{"line":2,"column":18},"end":{"line":2,"column":51}},"2":{"start":{"line":6,"column":13},"end":{"line":15,"column":2}},"3":{"start":{"line":18,"column":0},"end":{"line":21,"column":3}},"4":{"start":{"line":19,"column":2},"end":{"line":19,"column":25}},"5":{"start":{"line":19,"column":13},"end":{"line":19,"column":25}},"6":{"start":{"line":20,"column":2},"end":{"line":20,"column":64}},"7":{"start":{"line":23,"column":0},"end":{"line":23,"column":22}}},"fnMap":{"0":{"name":"(anonymous_0)","decl":{"start":{"line":18,"column":13},"end":{"line":18,"column":14}},"loc":{"start":{"line":18,"column":22},"end":{"line":21,"column":1}},"line":18}},"branchMap":{"0":{"loc":{"start":{"line":19,"column":2},"end":{"line":19,"column":25}},"type":"if","locations":[{"start":{"line":19,"column":2},"end":{"line":19,"column":25}},{"start":{"line":19,"column":2},"end":{"line":19,"column":25}}],"line":19}},"s":{"0":1,"1":1,"2":1,"3":1,"4":1,"5":0,"6":1,"7":1},"f":{"0":1},"b":{"0":[0,1]},"_coverageSchema":"1a1c01bbd47fc00a2c39e90264f33305004495a9","hash":"479dca828a99c66df7b0c7e61dd0ba19b03d9261"}
,"C:\\Users\\Arushi\\Desktop\\Devops\\Learning-zone\\web\\src\\router\\route.js": {"path":"C:\\Users\\Arushi\\Desktop\\Devops\\Learning-zone\\web\\src\\router\\route.js","statementMap":{"0":{"start":{"line":2,"column":16},"end":{"line":2,"column":34}},"1":{"start":{"line":3,"column":13},"end":{"line":3,"column":33}},"2":{"start":{"line":4,"column":17},"end":{"line":4,"column":39}},"3":{"start":{"line":5,"column":0},"end":{"line":5,"column":30}},"4":{"start":{"line":6,"column":0},"end":{"line":6,"column":54}},"5":{"start":{"line":7,"column":12},"end":{"line":7,"column":36}},"6":{"start":{"line":8,"column":0},"end":{"line":8,"column":20}},"7":{"start":{"line":9,"column":14},"end":{"line":9,"column":40}},"8":{"start":{"line":15,"column":0},"end":{"line":19,"column":6}},"9":{"start":{"line":22,"column":12},"end":{"line":22,"column":37}},"10":{"start":{"line":25,"column":0},"end":{"line":58,"column":2}},"11":{"start":{"line":27,"column":4},"end":{"line":54,"column":5}},"12":{"start":{"line":29,"column":18},"end":{"line":29,"column":34}},"13":{"start":{"line":30,"column":19},"end":{"line":30,"column":36}},"14":{"start":{"line":32,"column":8},"end":{"line":38,"column":10}},"15":{"start":{"line":41,"column":8},"end":{"line":53,"column":9}},"16":{"start":{"line":42,"column":22},"end":{"line":42,"column":38}},"17":{"start":{"line":43,"column":23},"end":{"line":43,"column":40}},"18":{"start":{"line":45,"column":12},"end":{"line":50,"column":14}},"19":{"start":{"line":52,"column":12},"end":{"line":52,"column":35}},"20":{"start":{"line":60,"column":0},"end":{"line":97,"column":3}},"21":{"start":{"line":61,"column":4},"end":{"line":65,"column":5}},"22":{"start":{"line":62,"column":8},"end":{"line":64,"column":11}},"23":{"start":{"line":66,"column":17},"end":{"line":66,"column":74}},"24":{"start":{"line":67,"column":12},"end":{"line":67,"column":33}},"25":{"start":{"line":69,"column":4},"end":{"line":91,"column":7}},"26":{"start":{"line":71,"column":8},"end":{"line":71,"column":27}},"27":{"start":{"line":71,"column":17},"end":{"line":71,"column":27}},"28":{"start":{"line":74,"column":8},"end":{"line":89,"column":9}},"29":{"start":{"line":75,"column":12},"end":{"line":83,"column":15}},"30":{"start":{"line":77,"column":16},"end":{"line":77,"column":35}},"31":{"start":{"line":77,"column":25},"end":{"line":77,"column":35}},"32":{"start":{"line":84,"column":12},"end":{"line":84,"column":35}},"33":{"start":{"line":88,"column":12},"end":{"line":88,"column":35}},"34":{"start":{"line":104,"column":0},"end":{"line":137,"column":2}},"35":{"start":{"line":105,"column":4},"end":{"line":109,"column":5}},"36":{"start":{"line":106,"column":8},"end":{"line":108,"column":11}},"37":{"start":{"line":110,"column":4},"end":{"line":110,"column":26}},"38":{"start":{"line":111,"column":19},"end":{"line":111,"column":32}},"39":{"start":{"line":112,"column":16},"end":{"line":112,"column":33}},"40":{"start":{"line":113,"column":1},"end":{"line":134,"column":2}},"41":{"start":{"line":114,"column":2},"end":{"line":129,"column":5}},"42":{"start":{"line":115,"column":3},"end":{"line":127,"column":4}},"43":{"start":{"line":116,"column":16},"end":{"line":116,"column":46}},"44":{"start":{"line":117,"column":16},"end":{"line":117,"column":42}},"45":{"start":{"line":118,"column":16},"end":{"line":118,"column":51}},"46":{"start":{"line":119,"column":16},"end":{"line":119,"column":52}},"47":{"start":{"line":121,"column":16},"end":{"line":121,"column":52}},"48":{"start":{"line":123,"column":4},"end":{"line":123,"column":29}},"49":{"start":{"line":125,"column":16},"end":{"line":125,"column":46}},"50":{"start":{"line":128,"column":3},"end":{"line":128,"column":13}},"51":{"start":{"line":131,"column":8},"end":{"line":131,"column":38}},"52":{"start":{"line":140,"column":0},"end":{"line":145,"column":2}},"53":{"start":{"line":141,"column":4},"end":{"line":141,"column":35}},"54":{"start":{"line":142,"column":4},"end":{"line":142,"column":35}},"55":{"start":{"line":143,"column":4},"end":{"line":143,"column":23}},"56":{"start":{"line":144,"column":4},"end":{"line":144,"column":21}},"57":{"start":{"line":147,"column":0},"end":{"line":175,"column":2}},"58":{"start":{"line":150,"column":12},"end":{"line":150,"column":36}},"59":{"start":{"line":152,"column":4},"end":{"line":173,"column":5}},"60":{"start":{"line":153,"column":8},"end":{"line":153,"column":26}},"61":{"start":{"line":154,"column":8},"end":{"line":154,"column":22}},"62":{"start":{"line":157,"column":4},"end":{"line":172,"column":9}},"63":{"start":{"line":159,"column":8},"end":{"line":159,"column":27}},"64":{"start":{"line":159,"column":17},"end":{"line":159,"column":27}},"65":{"start":{"line":162,"column":8},"end":{"line":168,"column":9}},"66":{"start":{"line":163,"column":12},"end":{"line":163,"column":34}},"67":{"start":{"line":167,"column":12},"end":{"line":167,"column":38}},"68":{"start":{"line":177,"column":0},"end":{"line":203,"column":2}},"69":{"start":{"line":180,"column":4},"end":{"line":180,"column":31}},"70":{"start":{"line":181,"column":4},"end":{"line":201,"column":5}},"71":{"start":{"line":184,"column":16},"end":{"line":184,"column":33}},"72":{"start":{"line":185,"column":16},"end":{"line":185,"column":33}},"73":{"start":{"line":186,"column":18},"end":{"line":186,"column":112}},"74":{"start":{"line":188,"column":8},"end":{"line":191,"column":11}},"75":{"start":{"line":189,"column":12},"end":{"line":189,"column":31}},"76":{"start":{"line":189,"column":21},"end":{"line":189,"column":31}},"77":{"start":{"line":190,"column":12},"end":{"line":190,"column":68}},"78":{"start":{"line":196,"column":8},"end":{"line":196,"column":33}},"79":{"start":{"line":200,"column":8},"end":{"line":200,"column":42}},"80":{"start":{"line":207,"column":0},"end":{"line":242,"column":2}},"81":{"start":{"line":208,"column":4},"end":{"line":208,"column":33}},"82":{"start":{"line":210,"column":14},"end":{"line":210,"column":69}},"83":{"start":{"line":211,"column":12},"end":{"line":211,"column":21}},"84":{"start":{"line":212,"column":4},"end":{"line":241,"column":7}},"85":{"start":{"line":213,"column":8},"end":{"line":213,"column":27}},"86":{"start":{"line":213,"column":17},"end":{"line":213,"column":27}},"87":{"start":{"line":217,"column":17},"end":{"line":217,"column":31}},"88":{"start":{"line":218,"column":17},"end":{"line":218,"column":31}},"89":{"start":{"line":220,"column":18},"end":{"line":220,"column":185}},"90":{"start":{"line":221,"column":8},"end":{"line":234,"column":10}},"91":{"start":{"line":222,"column":12},"end":{"line":222,"column":31}},"92":{"start":{"line":222,"column":21},"end":{"line":222,"column":31}},"93":{"start":{"line":227,"column":12},"end":{"line":230,"column":15}},"94":{"start":{"line":228,"column":16},"end":{"line":228,"column":34}},"95":{"start":{"line":231,"column":12},"end":{"line":231,"column":29}},"96":{"start":{"line":232,"column":12},"end":{"line":232,"column":38}},"97":{"start":{"line":233,"column":12},"end":{"line":233,"column":26}},"98":{"start":{"line":247,"column":0},"end":{"line":272,"column":2}},"99":{"start":{"line":248,"column":8},"end":{"line":248,"column":37}},"100":{"start":{"line":249,"column":17},"end":{"line":249,"column":26}},"101":{"start":{"line":250,"column":18},"end":{"line":250,"column":100}},"102":{"start":{"line":251,"column":8},"end":{"line":264,"column":10}},"103":{"start":{"line":252,"column":12},"end":{"line":252,"column":31}},"104":{"start":{"line":252,"column":21},"end":{"line":252,"column":31}},"105":{"start":{"line":257,"column":12},"end":{"line":260,"column":15}},"106":{"start":{"line":258,"column":16},"end":{"line":258,"column":35}},"107":{"start":{"line":262,"column":12},"end":{"line":262,"column":40}},"108":{"start":{"line":263,"column":12},"end":{"line":263,"column":27}},"109":{"start":{"line":276,"column":0},"end":{"line":278,"column":2}},"110":{"start":{"line":277,"column":4},"end":{"line":277,"column":28}},"111":{"start":{"line":281,"column":0},"end":{"line":300,"column":2}},"112":{"start":{"line":282,"column":17},"end":{"line":282,"column":26}},"113":{"start":{"line":283,"column":18},"end":{"line":283,"column":48}},"114":{"start":{"line":284,"column":8},"end":{"line":297,"column":10}},"115":{"start":{"line":285,"column":12},"end":{"line":285,"column":31}},"116":{"start":{"line":285,"column":21},"end":{"line":285,"column":31}},"117":{"start":{"line":290,"column":12},"end":{"line":293,"column":15}},"118":{"start":{"line":291,"column":16},"end":{"line":291,"column":35}},"119":{"start":{"line":295,"column":12},"end":{"line":295,"column":40}},"120":{"start":{"line":296,"column":12},"end":{"line":296,"column":27}},"121":{"start":{"line":304,"column":0},"end":{"line":319,"column":2}},"122":{"start":{"line":305,"column":4},"end":{"line":305,"column":33}},"123":{"start":{"line":306,"column":16},"end":{"line":306,"column":32}},"124":{"start":{"line":307,"column":14},"end":{"line":307,"column":79}},"125":{"start":{"line":308,"column":8},"end":{"line":316,"column":10}},"126":{"start":{"line":309,"column":12},"end":{"line":310,"column":26}},"127":{"start":{"line":310,"column":16},"end":{"line":310,"column":26}},"128":{"start":{"line":311,"column":16},"end":{"line":315,"column":14}},"129":{"start":{"line":324,"column":0},"end":{"line":348,"column":2}},"130":{"start":{"line":326,"column":4},"end":{"line":326,"column":34}},"131":{"start":{"line":327,"column":4},"end":{"line":327,"column":34}},"132":{"start":{"line":329,"column":14},"end":{"line":329,"column":23}},"133":{"start":{"line":330,"column":14},"end":{"line":330,"column":117}},"134":{"start":{"line":331,"column":4},"end":{"line":342,"column":6}},"135":{"start":{"line":332,"column":8},"end":{"line":332,"column":27}},"136":{"start":{"line":332,"column":17},"end":{"line":332,"column":27}},"137":{"start":{"line":334,"column":8},"end":{"line":341,"column":9}},"138":{"start":{"line":335,"column":12},"end":{"line":335,"column":27}},"139":{"start":{"line":338,"column":8},"end":{"line":338,"column":31}},"140":{"start":{"line":340,"column":8},"end":{"line":340,"column":20}},"141":{"start":{"line":352,"column":0},"end":{"line":378,"column":2}},"142":{"start":{"line":354,"column":14},"end":{"line":354,"column":85}},"143":{"start":{"line":355,"column":4},"end":{"line":373,"column":6}},"144":{"start":{"line":356,"column":8},"end":{"line":356,"column":27}},"145":{"start":{"line":356,"column":17},"end":{"line":356,"column":27}},"146":{"start":{"line":360,"column":14},"end":{"line":360,"column":32}},"147":{"start":{"line":362,"column":19},"end":{"line":362,"column":152}},"148":{"start":{"line":364,"column":8},"end":{"line":372,"column":10}},"149":{"start":{"line":365,"column":12},"end":{"line":365,"column":31}},"150":{"start":{"line":365,"column":21},"end":{"line":365,"column":31}},"151":{"start":{"line":371,"column":12},"end":{"line":371,"column":27}},"152":{"start":{"line":380,"column":0},"end":{"line":380,"column":22}}},"fnMap":{"0":{"name":"(anonymous_0)","decl":{"start":{"line":25,"column":22},"end":{"line":25,"column":23}},"loc":{"start":{"line":25,"column":33},"end":{"line":58,"column":1}},"line":25},"1":{"name":"(anonymous_1)","decl":{"start":{"line":60,"column":22},"end":{"line":60,"column":23}},"loc":{"start":{"line":60,"column":33},"end":{"line":97,"column":1}},"line":60},"2":{"name":"(anonymous_2)","decl":{"start":{"line":69,"column":57},"end":{"line":69,"column":58}},"loc":{"start":{"line":69,"column":80},"end":{"line":91,"column":5}},"line":69},"3":{"name":"(anonymous_3)","decl":{"start":{"line":75,"column":84},"end":{"line":75,"column":85}},"loc":{"start":{"line":75,"column":107},"end":{"line":83,"column":13}},"line":75},"4":{"name":"(anonymous_4)","decl":{"start":{"line":104,"column":21},"end":{"line":104,"column":22}},"loc":{"start":{"line":104,"column":32},"end":{"line":137,"column":1}},"line":104},"5":{"name":"(anonymous_5)","decl":{"start":{"line":114,"column":89},"end":{"line":114,"column":90}},"loc":{"start":{"line":114,"column":114},"end":{"line":129,"column":3}},"line":114},"6":{"name":"(anonymous_6)","decl":{"start":{"line":140,"column":22},"end":{"line":140,"column":23}},"loc":{"start":{"line":140,"column":33},"end":{"line":145,"column":1}},"line":140},"7":{"name":"(anonymous_7)","decl":{"start":{"line":147,"column":19},"end":{"line":147,"column":20}},"loc":{"start":{"line":147,"column":30},"end":{"line":175,"column":1}},"line":147},"8":{"name":"(anonymous_8)","decl":{"start":{"line":157,"column":57},"end":{"line":157,"column":58}},"loc":{"start":{"line":157,"column":80},"end":{"line":172,"column":7}},"line":157},"9":{"name":"(anonymous_9)","decl":{"start":{"line":177,"column":24},"end":{"line":177,"column":25}},"loc":{"start":{"line":177,"column":35},"end":{"line":203,"column":1}},"line":177},"10":{"name":"(anonymous_10)","decl":{"start":{"line":188,"column":25},"end":{"line":188,"column":26}},"loc":{"start":{"line":188,"column":48},"end":{"line":191,"column":9}},"line":188},"11":{"name":"(anonymous_11)","decl":{"start":{"line":207,"column":24},"end":{"line":207,"column":25}},"loc":{"start":{"line":207,"column":35},"end":{"line":242,"column":1}},"line":207},"12":{"name":"(anonymous_12)","decl":{"start":{"line":212,"column":21},"end":{"line":212,"column":22}},"loc":{"start":{"line":212,"column":44},"end":{"line":241,"column":5}},"line":212},"13":{"name":"(anonymous_13)","decl":{"start":{"line":221,"column":25},"end":{"line":221,"column":26}},"loc":{"start":{"line":221,"column":49},"end":{"line":234,"column":9}},"line":221},"14":{"name":"(anonymous_14)","decl":{"start":{"line":227,"column":28},"end":{"line":227,"column":29}},"loc":{"start":{"line":227,"column":39},"end":{"line":230,"column":13}},"line":227},"15":{"name":"(anonymous_15)","decl":{"start":{"line":247,"column":20},"end":{"line":247,"column":21}},"loc":{"start":{"line":247,"column":31},"end":{"line":272,"column":1}},"line":247},"16":{"name":"(anonymous_16)","decl":{"start":{"line":251,"column":25},"end":{"line":251,"column":26}},"loc":{"start":{"line":251,"column":49},"end":{"line":264,"column":9}},"line":251},"17":{"name":"(anonymous_17)","decl":{"start":{"line":257,"column":28},"end":{"line":257,"column":29}},"loc":{"start":{"line":257,"column":39},"end":{"line":260,"column":13}},"line":257},"18":{"name":"(anonymous_18)","decl":{"start":{"line":276,"column":25},"end":{"line":276,"column":26}},"loc":{"start":{"line":276,"column":36},"end":{"line":278,"column":1}},"line":276},"19":{"name":"(anonymous_19)","decl":{"start":{"line":281,"column":29},"end":{"line":281,"column":30}},"loc":{"start":{"line":281,"column":40},"end":{"line":300,"column":1}},"line":281},"20":{"name":"(anonymous_20)","decl":{"start":{"line":284,"column":25},"end":{"line":284,"column":26}},"loc":{"start":{"line":284,"column":49},"end":{"line":297,"column":9}},"line":284},"21":{"name":"(anonymous_21)","decl":{"start":{"line":290,"column":28},"end":{"line":290,"column":29}},"loc":{"start":{"line":290,"column":39},"end":{"line":293,"column":13}},"line":290},"22":{"name":"(anonymous_22)","decl":{"start":{"line":304,"column":32},"end":{"line":304,"column":33}},"loc":{"start":{"line":304,"column":43},"end":{"line":319,"column":1}},"line":304},"23":{"name":"(anonymous_23)","decl":{"start":{"line":308,"column":25},"end":{"line":308,"column":26}},"loc":{"start":{"line":308,"column":49},"end":{"line":316,"column":9}},"line":308},"24":{"name":"(anonymous_24)","decl":{"start":{"line":324,"column":26},"end":{"line":324,"column":27}},"loc":{"start":{"line":324,"column":37},"end":{"line":348,"column":1}},"line":324},"25":{"name":"(anonymous_25)","decl":{"start":{"line":331,"column":21},"end":{"line":331,"column":22}},"loc":{"start":{"line":331,"column":45},"end":{"line":342,"column":5}},"line":331},"26":{"name":"(anonymous_26)","decl":{"start":{"line":352,"column":24},"end":{"line":352,"column":25}},"loc":{"start":{"line":352,"column":35},"end":{"line":378,"column":1}},"line":352},"27":{"name":"(anonymous_27)","decl":{"start":{"line":355,"column":21},"end":{"line":355,"column":22}},"loc":{"start":{"line":355,"column":45},"end":{"line":373,"column":5}},"line":355},"28":{"name":"(anonymous_28)","decl":{"start":{"line":364,"column":25},"end":{"line":364,"column":26}},"loc":{"start":{"line":364,"column":49},"end":{"line":372,"column":9}},"line":364}},"branchMap":{"0":{"loc":{"start":{"line":27,"column":4},"end":{"line":54,"column":5}},"type":"if","locations":[{"start":{"line":27,"column":4},"end":{"line":54,"column":5}},{"start":{"line":27,"column":4},"end":{"line":54,"column":5}}],"line":27},"1":{"loc":{"start":{"line":41,"column":8},"end":{"line":53,"column":9}},"type":"if","locations":[{"start":{"line":41,"column":8},"end":{"line":53,"column":9}},{"start":{"line":41,"column":8},"end":{"line":53,"column":9}}],"line":41},"2":{"loc":{"start":{"line":41,"column":12},"end":{"line":41,"column":66}},"type":"binary-expr","locations":[{"start":{"line":41,"column":12},"end":{"line":41,"column":32}},{"start":{"line":41,"column":36},"end":{"line":41,"column":66}}],"line":41},"3":{"loc":{"start":{"line":61,"column":4},"end":{"line":65,"column":5}},"type":"if","locations":[{"start":{"line":61,"column":4},"end":{"line":65,"column":5}},{"start":{"line":61,"column":4},"end":{"line":65,"column":5}}],"line":61},"4":{"loc":{"start":{"line":71,"column":8},"end":{"line":71,"column":27}},"type":"if","locations":[{"start":{"line":71,"column":8},"end":{"line":71,"column":27}},{"start":{"line":71,"column":8},"end":{"line":71,"column":27}}],"line":71},"5":{"loc":{"start":{"line":74,"column":8},"end":{"line":89,"column":9}},"type":"if","locations":[{"start":{"line":74,"column":8},"end":{"line":89,"column":9}},{"start":{"line":74,"column":8},"end":{"line":89,"column":9}}],"line":74},"6":{"loc":{"start":{"line":77,"column":16},"end":{"line":77,"column":35}},"type":"if","locations":[{"start":{"line":77,"column":16},"end":{"line":77,"column":35}},{"start":{"line":77,"column":16},"end":{"line":77,"column":35}}],"line":77},"7":{"loc":{"start":{"line":105,"column":4},"end":{"line":109,"column":5}},"type":"if","locations":[{"start":{"line":105,"column":4},"end":{"line":109,"column":5}},{"start":{"line":105,"column":4},"end":{"line":109,"column":5}}],"line":105},"8":{"loc":{"start":{"line":113,"column":1},"end":{"line":134,"column":2}},"type":"if","locations":[{"start":{"line":113,"column":1},"end":{"line":134,"column":2}},{"start":{"line":113,"column":1},"end":{"line":134,"column":2}}],"line":113},"9":{"loc":{"start":{"line":113,"column":5},"end":{"line":113,"column":25}},"type":"binary-expr","locations":[{"start":{"line":113,"column":5},"end":{"line":113,"column":13}},{"start":{"line":113,"column":17},"end":{"line":113,"column":25}}],"line":113},"10":{"loc":{"start":{"line":115,"column":3},"end":{"line":127,"column":4}},"type":"if","locations":[{"start":{"line":115,"column":3},"end":{"line":127,"column":4}},{"start":{"line":115,"column":3},"end":{"line":127,"column":4}}],"line":115},"11":{"loc":{"start":{"line":152,"column":4},"end":{"line":173,"column":5}},"type":"if","locations":[{"start":{"line":152,"column":4},"end":{"line":173,"column":5}},{"start":{"line":152,"column":4},"end":{"line":173,"column":5}}],"line":152},"12":{"loc":{"start":{"line":159,"column":8},"end":{"line":159,"column":27}},"type":"if","locations":[{"start":{"line":159,"column":8},"end":{"line":159,"column":27}},{"start":{"line":159,"column":8},"end":{"line":159,"column":27}}],"line":159},"13":{"loc":{"start":{"line":162,"column":8},"end":{"line":168,"column":9}},"type":"if","locations":[{"start":{"line":162,"column":8},"end":{"line":168,"column":9}},{"start":{"line":162,"column":8},"end":{"line":168,"column":9}}],"line":162},"14":{"loc":{"start":{"line":181,"column":4},"end":{"line":201,"column":5}},"type":"if","locations":[{"start":{"line":181,"column":4},"end":{"line":201,"column":5}},{"start":{"line":181,"column":4},"end":{"line":201,"column":5}}],"line":181},"15":{"loc":{"start":{"line":189,"column":12},"end":{"line":189,"column":31}},"type":"if","locations":[{"start":{"line":189,"column":12},"end":{"line":189,"column":31}},{"start":{"line":189,"column":12},"end":{"line":189,"column":31}}],"line":189},"16":{"loc":{"start":{"line":213,"column":8},"end":{"line":213,"column":27}},"type":"if","locations":[{"start":{"line":213,"column":8},"end":{"line":213,"column":27}},{"start":{"line":213,"column":8},"end":{"line":213,"column":27}}],"line":213},"17":{"loc":{"start":{"line":222,"column":12},"end":{"line":222,"column":31}},"type":"if","locations":[{"start":{"line":222,"column":12},"end":{"line":222,"column":31}},{"start":{"line":222,"column":12},"end":{"line":222,"column":31}}],"line":222},"18":{"loc":{"start":{"line":252,"column":12},"end":{"line":252,"column":31}},"type":"if","locations":[{"start":{"line":252,"column":12},"end":{"line":252,"column":31}},{"start":{"line":252,"column":12},"end":{"line":252,"column":31}}],"line":252},"19":{"loc":{"start":{"line":285,"column":12},"end":{"line":285,"column":31}},"type":"if","locations":[{"start":{"line":285,"column":12},"end":{"line":285,"column":31}},{"start":{"line":285,"column":12},"end":{"line":285,"column":31}}],"line":285},"20":{"loc":{"start":{"line":309,"column":12},"end":{"line":310,"column":26}},"type":"if","locations":[{"start":{"line":309,"column":12},"end":{"line":310,"column":26}},{"start":{"line":309,"column":12},"end":{"line":310,"column":26}}],"line":309},"21":{"loc":{"start":{"line":332,"column":8},"end":{"line":332,"column":27}},"type":"if","locations":[{"start":{"line":332,"column":8},"end":{"line":332,"column":27}},{"start":{"line":332,"column":8},"end":{"line":332,"column":27}}],"line":332},"22":{"loc":{"start":{"line":334,"column":8},"end":{"line":341,"column":9}},"type":"if","locations":[{"start":{"line":334,"column":8},"end":{"line":341,"column":9}},{"start":{"line":334,"column":8},"end":{"line":341,"column":9}}],"line":334},"23":{"loc":{"start":{"line":356,"column":8},"end":{"line":356,"column":27}},"type":"if","locations":[{"start":{"line":356,"column":8},"end":{"line":356,"column":27}},{"start":{"line":356,"column":8},"end":{"line":356,"column":27}}],"line":356},"24":{"loc":{"start":{"line":365,"column":12},"end":{"line":365,"column":31}},"type":"if","locations":[{"start":{"line":365,"column":12},"end":{"line":365,"column":31}},{"start":{"line":365,"column":12},"end":{"line":365,"column":31}}],"line":365}},"s":{"0":1,"1":1,"2":1,"3":1,"4":1,"5":1,"6":1,"7":1,"8":1,"9":1,"10":1,"11":1,"12":0,"13":0,"14":0,"15":1,"16":0,"17":0,"18":0,"19":1,"20":1,"21":3,"22":0,"23":3,"24":3,"25":3,"26":3,"27":0,"28":3,"29":0,"30":0,"31":0,"32":0,"33":3,"34":1,"35":3,"36":0,"37":3,"38":3,"39":3,"40":3,"41":3,"42":3,"43":1,"44":1,"45":1,"46":1,"47":1,"48":1,"49":2,"50":3,"51":0,"52":1,"53":1,"54":1,"55":1,"56":1,"57":1,"58":2,"59":2,"60":2,"61":2,"62":0,"63":0,"64":0,"65":0,"66":0,"67":0,"68":1,"69":2,"70":2,"71":1,"72":1,"73":1,"74":1,"75":1,"76":0,"77":1,"78":1,"79":1,"80":1,"81":0,"82":0,"83":0,"84":0,"85":0,"86":0,"87":0,"88":0,"89":0,"90":0,"91":0,"92":0,"93":0,"94":0,"95":0,"96":0,"97":0,"98":1,"99":1,"100":1,"101":1,"102":1,"103":1,"104":0,"105":1,"106":6,"107":1,"108":1,"109":1,"110":2,"111":1,"112":0,"113":0,"114":0,"115":0,"116":0,"117":0,"118":0,"119":0,"120":0,"121":1,"122":2,"123":2,"124":2,"125":2,"126":2,"127":0,"128":2,"129":1,"130":0,"131":0,"132":0,"133":0,"134":0,"135":0,"136":0,"137":0,"138":0,"139":0,"140":0,"141":1,"142":0,"143":0,"144":0,"145":0,"146":0,"147":0,"148":0,"149":0,"150":0,"151":0,"152":1},"f":{"0":1,"1":3,"2":3,"3":0,"4":3,"5":3,"6":1,"7":2,"8":0,"9":2,"10":1,"11":0,"12":0,"13":0,"14":0,"15":1,"16":1,"17":6,"18":2,"19":0,"20":0,"21":0,"22":2,"23":2,"24":0,"25":0,"26":0,"27":0,"28":0},"b":{"0":[0,1],"1":[0,1],"2":[1,0],"3":[0,3],"4":[0,3],"5":[0,3],"6":[0,0],"7":[0,3],"8":[3,0],"9":[3,3],"10":[1,2],"11":[2,0],"12":[0,0],"13":[0,0],"14":[1,1],"15":[0,1],"16":[0,0],"17":[0,0],"18":[0,1],"19":[0,0],"20":[0,2],"21":[0,0],"22":[0,0],"23":[0,0],"24":[0,0]},"_coverageSchema":"1a1c01bbd47fc00a2c39e90264f33305004495a9","hash":"ca344458233212aec3417faf76fc72c16aa43a54"}
}
