TN:
SF:src\utils.js
FN:17,(anonymous_0)
FN:21,(anonymous_1)
FN:49,(anonymous_2)
FNF:3
FNH:0
FNDA:0,(anonymous_0)
FNDA:0,(anonymous_1)
FNDA:0,(anonymous_2)
DA:1,1
DA:2,1
DA:3,1
DA:7,1
DA:9,1
DA:11,1
DA:13,1
DA:14,1
DA:17,1
DA:18,0
DA:21,1
DA:26,0
DA:27,0
DA:31,0
DA:32,0
DA:39,0
DA:49,1
DA:50,0
DA:55,1
DA:58,1
DA:60,1
LF:21
LH:14
BRDA:26,0,0,0
BRDA:26,0,1,0
BRDA:31,1,0,0
BRDA:31,1,1,0
BRF:4
BRH:0
end_of_record
TN:
SF:src\config\db-config.js
FNF:0
FNH:0
DA:1,1
LF:1
LH:1
BRF:0
BRH:0
end_of_record
TN:
SF:src\db\database.js
FN:18,(anonymous_0)
FNF:1
FNH:1
FNDA:1,(anonymous_0)
DA:1,1
DA:2,1
DA:6,1
DA:18,1
DA:19,1
DA:20,1
DA:23,1
LF:7
LH:7
BRDA:19,0,0,0
BRDA:19,0,1,1
BRF:2
BRH:1
end_of_record
TN:
SF:src\router\route.js
FN:25,(anonymous_0)
FN:60,(anonymous_1)
FN:69,(anonymous_2)
FN:75,(anonymous_3)
FN:104,(anonymous_4)
FN:114,(anonymous_5)
FN:140,(anonymous_6)
FN:147,(anonymous_7)
FN:157,(anonymous_8)
FN:177,(anonymous_9)
FN:188,(anonymous_10)
FN:207,(anonymous_11)
FN:212,(anonymous_12)
FN:221,(anonymous_13)
FN:227,(anonymous_14)
FN:247,(anonymous_15)
FN:251,(anonymous_16)
FN:257,(anonymous_17)
FN:276,(anonymous_18)
FN:281,(anonymous_19)
FN:284,(anonymous_20)
FN:290,(anonymous_21)
FN:304,(anonymous_22)
FN:308,(anonymous_23)
FN:324,(anonymous_24)
FN:331,(anonymous_25)
FN:352,(anonymous_26)
FN:355,(anonymous_27)
FN:364,(anonymous_28)
FNF:29
FNH:15
FNDA:1,(anonymous_0)
FNDA:3,(anonymous_1)
FNDA:3,(anonymous_2)
FNDA:0,(anonymous_3)
FNDA:3,(anonymous_4)
FNDA:3,(anonymous_5)
FNDA:1,(anonymous_6)
FNDA:2,(anonymous_7)
FNDA:0,(anonymous_8)
FNDA:2,(anonymous_9)
FNDA:1,(anonymous_10)
FNDA:0,(anonymous_11)
FNDA:0,(anonymous_12)
FNDA:0,(anonymous_13)
FNDA:0,(anonymous_14)
FNDA:1,(anonymous_15)
FNDA:1,(anonymous_16)
FNDA:6,(anonymous_17)
FNDA:2,(anonymous_18)
FNDA:0,(anonymous_19)
FNDA:0,(anonymous_20)
FNDA:0,(anonymous_21)
FNDA:2,(anonymous_22)
FNDA:2,(anonymous_23)
FNDA:0,(anonymous_24)
FNDA:0,(anonymous_25)
FNDA:0,(anonymous_26)
FNDA:0,(anonymous_27)
FNDA:0,(anonymous_28)
DA:2,1
DA:3,1
DA:4,1
DA:5,1
DA:6,1
DA:7,1
DA:8,1
DA:9,1
DA:15,1
DA:22,1
DA:25,1
DA:27,1
DA:29,0
DA:30,0
DA:32,0
DA:41,1
DA:42,0
DA:43,0
DA:45,0
DA:52,1
DA:60,1
DA:61,3
DA:62,0
DA:66,3
DA:67,3
DA:69,3
DA:71,3
DA:74,3
DA:75,0
DA:77,0
DA:84,0
DA:88,3
DA:104,1
DA:105,3
DA:106,0
DA:110,3
DA:111,3
DA:112,3
DA:113,3
DA:114,3
DA:115,3
DA:116,1
DA:117,1
DA:118,1
DA:119,1
DA:121,1
DA:123,1
DA:125,2
DA:128,3
DA:131,0
DA:140,1
DA:141,1
DA:142,1
DA:143,1
DA:144,1
DA:147,1
DA:150,2
DA:152,2
DA:153,2
DA:154,2
DA:157,0
DA:159,0
DA:162,0
DA:163,0
DA:167,0
DA:177,1
DA:180,2
DA:181,2
DA:184,1
DA:185,1
DA:186,1
DA:188,1
DA:189,1
DA:190,1
DA:196,1
DA:200,1
DA:207,1
DA:208,0
DA:210,0
DA:211,0
DA:212,0
DA:213,0
DA:217,0
DA:218,0
DA:220,0
DA:221,0
DA:222,0
DA:227,0
DA:228,0
DA:231,0
DA:232,0
DA:233,0
DA:247,1
DA:248,1
DA:249,1
DA:250,1
DA:251,1
DA:252,1
DA:257,1
DA:258,6
DA:262,1
DA:263,1
DA:276,1
DA:277,2
DA:281,1
DA:282,0
DA:283,0
DA:284,0
DA:285,0
DA:290,0
DA:291,0
DA:295,0
DA:296,0
DA:304,1
DA:305,2
DA:306,2
DA:307,2
DA:308,2
DA:309,2
DA:310,0
DA:311,2
DA:324,1
DA:326,0
DA:327,0
DA:329,0
DA:330,0
DA:331,0
DA:332,0
DA:334,0
DA:335,0
DA:338,0
DA:340,0
DA:352,1
DA:354,0
DA:355,0
DA:356,0
DA:360,0
DA:362,0
DA:364,0
DA:365,0
DA:371,0
DA:380,1
LF:142
LH:83
BRDA:27,0,0,0
BRDA:27,0,1,1
BRDA:41,1,0,0
BRDA:41,1,1,1
BRDA:41,2,0,1
BRDA:41,2,1,0
BRDA:61,3,0,0
BRDA:61,3,1,3
BRDA:71,4,0,0
BRDA:71,4,1,3
BRDA:74,5,0,0
BRDA:74,5,1,3
BRDA:77,6,0,0
BRDA:77,6,1,0
BRDA:105,7,0,0
BRDA:105,7,1,3
BRDA:113,8,0,3
BRDA:113,8,1,0
BRDA:113,9,0,3
BRDA:113,9,1,3
BRDA:115,10,0,1
BRDA:115,10,1,2
BRDA:152,11,0,2
BRDA:152,11,1,0
BRDA:159,12,0,0
BRDA:159,12,1,0
BRDA:162,13,0,0
BRDA:162,13,1,0
BRDA:181,14,0,1
BRDA:181,14,1,1
BRDA:189,15,0,0
BRDA:189,15,1,1
BRDA:213,16,0,0
BRDA:213,16,1,0
BRDA:222,17,0,0
BRDA:222,17,1,0
BRDA:252,18,0,0
BRDA:252,18,1,1
BRDA:285,19,0,0
BRDA:285,19,1,0
BRDA:309,20,0,0
BRDA:309,20,1,2
BRDA:332,21,0,0
BRDA:332,21,1,0
BRDA:334,22,0,0
BRDA:334,22,1,0
BRDA:356,23,0,0
BRDA:356,23,1,0
BRDA:365,24,0,0
BRDA:365,24,1,0
BRF:50
BRH:18
end_of_record
